c:\engine\build\debug\imgui.pdb
c:\engine\build\imgui.dir\debug\imgui_impl_dx11.obj
c:\engine\build\imgui.dir\debug\imgui_impl_win32.obj
c:\engine\build\imgui.dir\debug\imgui_demo.obj
c:\engine\build\imgui.dir\debug\imgui_widgets.obj
c:\engine\build\imgui.dir\debug\imgui_tables.obj
c:\engine\build\imgui.dir\debug\imgui_draw.obj
c:\engine\build\imgui.dir\debug\imgui.obj
c:\engine\build\cmakefiles\generate.stamp
c:\engine\build\debug\imgui.lib
c:\engine\build\imgui.dir\debug\imgui.tlog\cl.command.1.tlog
c:\engine\build\imgui.dir\debug\imgui.tlog\cl.items.tlog
c:\engine\build\imgui.dir\debug\imgui.tlog\cl.read.1.tlog
c:\engine\build\imgui.dir\debug\imgui.tlog\cl.write.1.tlog
c:\engine\build\imgui.dir\debug\imgui.tlog\custombuild.command.1.tlog
c:\engine\build\imgui.dir\debug\imgui.tlog\custombuild.read.1.tlog
c:\engine\build\imgui.dir\debug\imgui.tlog\custombuild.write.1.tlog
c:\engine\build\imgui.dir\debug\imgui.tlog\lib-link.read.1.tlog
c:\engine\build\imgui.dir\debug\imgui.tlog\lib-link.write.1.tlog
c:\engine\build\imgui.dir\debug\imgui.tlog\lib.command.1.tlog
