c:\engine\build\editor\engineeditor.dir\debug\vc143.pdb
c:\engine\build\editor\engineeditor.dir\debug\main.obj
c:\engine\build\editor\cmakefiles\generate.stamp
c:\engine\build\editor\debug\engineeditor.pdb
c:\engine\build\editor\engineeditor.dir\debug\engineeditor.tlog\cl.command.1.tlog
c:\engine\build\editor\engineeditor.dir\debug\engineeditor.tlog\cl.read.1.tlog
c:\engine\build\editor\engineeditor.dir\debug\engineeditor.tlog\cl.write.1.tlog
c:\engine\build\editor\engineeditor.dir\debug\engineeditor.tlog\custombuild.command.1.tlog
c:\engine\build\editor\engineeditor.dir\debug\engineeditor.tlog\custombuild.read.1.tlog
c:\engine\build\editor\engineeditor.dir\debug\engineeditor.tlog\custombuild.write.1.tlog
c:\engine\build\editor\engineeditor.dir\debug\engineeditor.tlog\link-cvtres.read.1.tlog
c:\engine\build\editor\engineeditor.dir\debug\engineeditor.tlog\link-cvtres.write.1.tlog
c:\engine\build\editor\engineeditor.dir\debug\engineeditor.tlog\link-rc.read.1.tlog
c:\engine\build\editor\engineeditor.dir\debug\engineeditor.tlog\link-rc.write.1.tlog
c:\engine\build\editor\engineeditor.dir\debug\engineeditor.tlog\link.command.1.tlog
c:\engine\build\editor\engineeditor.dir\debug\engineeditor.tlog\link.read.1.tlog
c:\engine\build\editor\engineeditor.dir\debug\engineeditor.tlog\link.read.2.tlog
c:\engine\build\editor\engineeditor.dir\debug\engineeditor.tlog\link.read.3.tlog
c:\engine\build\editor\engineeditor.dir\debug\engineeditor.tlog\link.read.4.tlog
c:\engine\build\editor\engineeditor.dir\debug\engineeditor.tlog\link.write.1.tlog
